<?xml version="1.0" encoding="UTF-8"?>
<testsuite xmlns:xsi="http://www.w3.org/2001/XMLSchema-instance" xsi:noNamespaceSchemaLocation="https://maven.apache.org/surefire/maven-surefire-plugin/xsd/surefire-test-report-3.0.xsd" version="3.0" name="TestSuite" time="19.922" tests="2" errors="0" skipped="0" failures="0">
  <properties>
[...]
</properties>
  <testcase name="createDeskTest[org.testng.TestRunner@79defdc](1)" classname="org.example.cards.tests.CardsTest" time="9">
    <system-err><![CDATA[[main] INFO org.example.cards.tests.CardsTest - ShuffleCards(success=true, deck_id=rjadppl47wkk, shuffled=true, remaining=52)
]]></system-err>
  </testcase>
  <testcase name="createThreeCardsTest[org.testng.TestRunner@79defdc](1)" classname="org.example.cards.tests.CardsTest" time="2.843">
    <system-err><![CDATA[[main] INFO org.example.cards.tests.CardsTest - rjadppl47wkk
[main] INFO org.example.cards.tests.CardsTest - Size3
]]></system-err>
  </testcase>
</testsuite>