<?xml version="1.0" encoding="UTF-8"?>
<testng-results skipped="0" failed="0" ignored="0" total="2" passed="2">
  <reporter-output>
  </reporter-output>
  <suite name="Deck of Cards Suite" duration-ms="14766" started-at="2022-04-29T14:04:20 BOT" finished-at="2022-04-29T14:04:34 BOT">
    <groups>
    </groups>
    <test name="Regression" duration-ms="14766" started-at="2022-04-29T14:04:20 BOT" finished-at="2022-04-29T14:04:34 BOT">
      <class name="org.example.cards.tests.CardsTest">
        <test-method status="PASS" signature="setUp()[pri:0, instance:org.example.cards.tests.CardsTest@553a3d88]" name="setUp" is-config="true" duration-ms="2813" started-at="2022-04-29T14:04:20 BOT" finished-at="2022-04-29T14:04:23 BOT">
          <reporter-output>
          </reporter-output>
        </test-method> <!-- setUp -->
        <test-method status="PASS" signature="createDeskTest(org.testng.ITestContext)[pri:1, instance:org.example.cards.tests.CardsTest@553a3d88]" name="createDeskTest" duration-ms="8953" started-at="2022-04-29T14:04:23 BOT" finished-at="2022-04-29T14:04:32 BOT">
          <params>
            <param index="0">
              <value>
                <![CDATA[org.testng.TestRunner@79defdc]]>
              </value>
            </param>
          </params>
          <reporter-output>
          </reporter-output>
        </test-method> <!-- createDeskTest -->
        <test-method status="PASS" signature="createThreeCardsTest(org.testng.ITestContext)[pri:2, instance:org.example.cards.tests.CardsTest@553a3d88]" name="createThreeCardsTest" duration-ms="2844" started-at="2022-04-29T14:04:32 BOT" finished-at="2022-04-29T14:04:34 BOT">
          <params>
            <param index="0">
              <value>
                <![CDATA[org.testng.TestRunner@79defdc]]>
              </value>
            </param>
          </params>
          <reporter-output>
          </reporter-output>
        </test-method> <!-- createThreeCardsTest -->
      </class> <!-- org.example.cards.tests.CardsTest -->
    </test> <!-- Regression -->
  </suite> <!-- Deck of Cards Suite -->
</testng-results>
